AT+CMEE=2
OK
AT+CIPSHUT
SHUT OK
AT+CGATT=0
OK
AT+CGATT=1
OK
AT+CIPSHUT
SHUT OK
AT+CIPMUX=0
OK
AT+CSTT="wholesale"
OK
AT+CIICR
OK
AT+CIFSR
33.189.42.130
AT+CIPSTART="TCP","kwhstg.org","11001"
OK

CONNECT OK
AT+CIPSEND
> #STA:99003;TM:05/21/2018,01:31:01;C:86;V:0000;AD01:0.000000;AD02:0.000000;AD03:5.250000;AD04:0.000000;AD05:0.000000;AD06:0.000000;AD07:0.000000;AD11:24.375;AD12:23.937;PU01:9;PU02:404;PU03:0;DI:333000;DO:0000;#

SEND OK
@888
AT+CIPCLOSE
CLOSE OK
AT+CIPSHUT
SHUT OK
